<?xml version="1.0" encoding="UTF-8"?>
<testsuite name="fr.uparis.informatique.cpoo5.junit5demo.TestJunit5Demo" tests="1" skipped="0" failures="0" errors="0" timestamp="2023-12-28T09:58:07" hostname="NAFY-PC" time="0.046">
  <properties/>
  <testcase name="testFonctionATester()" classname="fr.uparis.informatique.cpoo5.junit5demo.TestJunit5Demo" time="0.046"/>
  <system-out><![CDATA[]]></system-out>
  <system-err><![CDATA[]]></system-err>
</testsuite>
